<?xml version="1.0" encoding="UTF-8"?>
<!-- Generated by org.testng.reporters.JUnitReportReporter -->
<testsuite hostname="DESKTOP-TMHLLTT" failures="0" tests="1" name="xyz.WebDriverT" time="3.759" errors="0" timestamp="2023-10-26T15:48:50 IST" skipped="0">
  <testcase classname="xyz.WebDriverT" name="loggin_test" time="3.759"/>
</testsuite> <!-- xyz.WebDriverT -->
